<?xml version="1.0" encoding="UTF-8"?>
<!-- Generated by org.testng.reporters.JUnitReportReporter -->
<testsuite hostname="priyanka" failures="0" tests="1" name="enclouden_assignment.assignment.HomepageTest" time="24.861" errors="0" timestamp="2021-03-26T17:25:03 IST" skipped="0">
  <testcase classname="enclouden_assignment.assignment.HomepageTest" name="BasePageNavigation" time="24.861"/>
  <system-out/>
</testsuite> <!-- enclouden_assignment.assignment.HomepageTest -->
